2025-06-21 13:43:20,675 - INFO - Starting test scrape for years: [1927, 2000, 2023]
2025-06-21 13:43:20,675 - INFO - Starting scrape for year 1927
2025-06-21 13:43:20,676 - INFO - Fetching data for year 1927
2025-06-21 13:43:22,709 - INFO - Successfully fetched 1927 - Page title: Baseball History in 1927 American League | Baseball Almanac
2025-06-21 13:43:22,713 - INFO - Found 45 hitting records for 1927
2025-06-21 13:43:22,718 - INFO - Found 42 pitching records for 1927
2025-06-21 13:43:22,719 - INFO - Completed scrape for year 1927
2025-06-21 13:43:22,719 - INFO - Starting scrape for year 2000
2025-06-21 13:43:22,720 - INFO - Fetching data for year 2000
2025-06-21 13:43:24,653 - INFO - Successfully fetched 2000 - Page title: Baseball History in 2000 American League by Baseball Almanac
2025-06-21 13:43:24,658 - INFO - Found 28 hitting records for 2000
2025-06-21 13:43:24,663 - INFO - Found 41 pitching records for 2000
2025-06-21 13:43:24,664 - INFO - Completed scrape for year 2000
2025-06-21 13:43:24,664 - INFO - Starting scrape for year 2023
2025-06-21 13:43:24,664 - INFO - Fetching data for year 2023
2025-06-21 13:43:26,675 - INFO - Successfully fetched 2023 - Page title: Baseball History in 2023 American League | Baseball Almanac
2025-06-21 13:43:26,679 - INFO - Found 28 hitting records for 2023
2025-06-21 13:43:26,684 - INFO - Found 54 pitching records for 2023
2025-06-21 13:43:26,684 - INFO - Completed scrape for year 2023
2025-06-21 13:43:26,705 - INFO - Saved 101 hitting records to CSV
2025-06-21 13:43:26,710 - INFO - Saved 137 pitching records to CSV
2025-06-21 13:50:43,340 - INFO - Starting test scrape for years: [1927, 2000, 2023]
2025-06-21 13:50:43,340 - INFO - Starting scrape for year 1927
2025-06-21 13:50:43,340 - INFO - Fetching data for year 1927
2025-06-21 13:50:45,359 - INFO - Successfully fetched 1927 - Page title: Baseball History in 1927 American League | Baseball Almanac
2025-06-21 13:50:45,365 - INFO - Found 45 hitting records for 1927
2025-06-21 13:50:45,370 - INFO - Found 42 pitching records for 1927
2025-06-21 13:50:45,370 - INFO - Completed scrape for year 1927
2025-06-21 13:50:45,370 - INFO - Starting scrape for year 2000
2025-06-21 13:50:45,371 - INFO - Fetching data for year 2000
2025-06-21 13:50:47,326 - INFO - Successfully fetched 2000 - Page title: Baseball History in 2000 American League by Baseball Almanac
2025-06-21 13:50:47,332 - INFO - Found 28 hitting records for 2000
2025-06-21 13:50:47,341 - INFO - Found 41 pitching records for 2000
2025-06-21 13:50:47,341 - INFO - Completed scrape for year 2000
2025-06-21 13:50:47,341 - INFO - Starting scrape for year 2023
2025-06-21 13:50:47,342 - INFO - Fetching data for year 2023
2025-06-21 13:50:49,313 - INFO - Successfully fetched 2023 - Page title: Baseball History in 2023 American League | Baseball Almanac
2025-06-21 13:50:49,316 - INFO - Found 28 hitting records for 2023
2025-06-21 13:50:49,320 - INFO - Found 54 pitching records for 2023
2025-06-21 13:50:49,320 - INFO - Completed scrape for year 2023
2025-06-21 13:50:49,328 - INFO - Saved 101 hitting records to CSV
2025-06-21 13:50:49,334 - INFO - Saved 137 pitching records to CSV
2025-06-21 20:02:44,941 - INFO - Starting test scrape for years: [1927, 2000, 2023]
2025-06-21 20:02:44,942 - INFO - Starting improved scrape for year 1927
2025-06-21 20:02:44,942 - INFO - Fetching data for year 1927
2025-06-21 20:02:47,170 - INFO - Successfully fetched 1927 - Page title: Baseball History in 1927 American League | Baseball Almanac
2025-06-21 20:02:47,176 - INFO - Found 24 hitting records for 1927
2025-06-21 20:02:47,181 - INFO - Found 8 pitching records for 1927
2025-06-21 20:02:47,185 - INFO - Found 4 team standings for 1927
2025-06-21 20:02:47,185 - INFO - Completed scrape for year 1927
2025-06-21 20:02:47,186 - INFO - Starting improved scrape for year 2000
2025-06-21 20:02:47,186 - INFO - Fetching data for year 2000
2025-06-21 20:02:49,171 - INFO - Successfully fetched 2000 - Page title: Baseball History in 2000 American League by Baseball Almanac
2025-06-21 20:02:49,180 - INFO - Found 19 hitting records for 2000
2025-06-21 20:02:49,188 - INFO - Found 21 pitching records for 2000
2025-06-21 20:02:49,192 - INFO - Found 4 team standings for 2000
2025-06-21 20:02:49,193 - INFO - Completed scrape for year 2000
2025-06-21 20:02:49,193 - INFO - Starting improved scrape for year 2023
2025-06-21 20:02:49,194 - INFO - Fetching data for year 2023
2025-06-21 20:02:51,192 - INFO - Successfully fetched 2023 - Page title: Baseball History in 2023 American League | Baseball Almanac
2025-06-21 20:02:51,199 - INFO - Found 12 hitting records for 2023
2025-06-21 20:02:51,205 - INFO - Found 25 pitching records for 2023
2025-06-21 20:02:51,209 - INFO - Found 4 team standings for 2023
2025-06-21 20:02:51,210 - INFO - Completed scrape for year 2023
2025-06-21 20:02:51,246 - INFO - Saved 55 hitting records to CSV
2025-06-21 20:02:51,249 - INFO - Saved 54 pitching records to CSV
2025-06-21 20:02:51,255 - INFO - Saved 12 team standings to CSV
2025-06-21 20:14:48,702 - INFO - Starting test scrape for years: [1927, 2000, 2023]
2025-06-21 20:14:48,702 - INFO - Starting improved scrape for year 1927
2025-06-21 20:14:48,702 - INFO - Fetching data for year 1927
2025-06-21 20:14:52,005 - INFO - Successfully fetched 1927 - Page title: Baseball History in 1927 American League | Baseball Almanac
2025-06-21 20:14:52,011 - INFO - Found 24 hitting records for 1927
2025-06-21 20:14:52,016 - INFO - Found 8 pitching records for 1927
2025-06-21 20:14:52,018 - INFO - Found 4 team standings for 1927
2025-06-21 20:14:52,018 - INFO - Completed scrape for year 1927
2025-06-21 20:14:52,019 - INFO - Starting improved scrape for year 2000
2025-06-21 20:14:52,019 - INFO - Fetching data for year 2000
2025-06-21 20:14:54,025 - INFO - Successfully fetched 2000 - Page title: Baseball History in 2000 American League by Baseball Almanac
2025-06-21 20:14:54,034 - INFO - Found 16 hitting records for 2000
2025-06-21 20:14:54,045 - INFO - Found 21 pitching records for 2000
2025-06-21 20:14:54,049 - INFO - Found 4 team standings for 2000
2025-06-21 20:14:54,049 - INFO - Completed scrape for year 2000
2025-06-21 20:14:54,050 - INFO - Starting improved scrape for year 2023
2025-06-21 20:14:54,050 - INFO - Fetching data for year 2023
2025-06-21 20:14:56,021 - INFO - Successfully fetched 2023 - Page title: Baseball History in 2023 American League | Baseball Almanac
2025-06-21 20:14:56,027 - INFO - Found 12 hitting records for 2023
2025-06-21 20:14:56,035 - INFO - Found 25 pitching records for 2023
2025-06-21 20:14:56,040 - INFO - Found 4 team standings for 2023
2025-06-21 20:14:56,040 - INFO - Completed scrape for year 2023
2025-06-21 20:14:56,048 - INFO - Saved 52 hitting records to CSV
2025-06-21 20:14:56,051 - INFO - Saved 54 pitching records to CSV
2025-06-21 20:14:56,055 - INFO - Saved 12 team standings to CSV
2025-06-24 09:28:54,429 - INFO - Starting test scrape for years: [1927, 2000, 2023]
2025-06-24 09:28:54,430 - INFO - Starting improved scrape for year 1927
2025-06-24 09:28:54,430 - INFO - Fetching data for year 1927
2025-06-24 09:28:56,578 - INFO - Successfully fetched 1927 - Page title: Baseball History in 1927 American League | Baseball Almanac
2025-06-24 09:28:56,589 - INFO - Found 24 hitting records for 1927
2025-06-24 09:28:56,598 - INFO - Found 8 pitching records for 1927
2025-06-24 09:28:56,603 - INFO - Found 4 team standings for 1927
2025-06-24 09:28:56,604 - INFO - Completed scrape for year 1927
2025-06-24 09:28:56,604 - INFO - Starting improved scrape for year 2000
2025-06-24 09:28:56,605 - INFO - Fetching data for year 2000
2025-06-24 09:28:58,629 - INFO - Successfully fetched 2000 - Page title: Baseball History in 2000 American League by Baseball Almanac
2025-06-24 09:28:58,644 - INFO - Found 16 hitting records for 2000
2025-06-24 09:28:58,665 - INFO - Found 21 pitching records for 2000
2025-06-24 09:28:58,673 - INFO - Found 4 team standings for 2000
2025-06-24 09:28:58,674 - INFO - Completed scrape for year 2000
2025-06-24 09:28:58,674 - INFO - Starting improved scrape for year 2023
2025-06-24 09:28:58,675 - INFO - Fetching data for year 2023
2025-06-24 09:29:00,687 - INFO - Successfully fetched 2023 - Page title: Baseball History in 2023 American League | Baseball Almanac
2025-06-24 09:29:00,699 - INFO - Found 12 hitting records for 2023
2025-06-24 09:29:00,712 - INFO - Found 25 pitching records for 2023
2025-06-24 09:29:00,718 - INFO - Found 4 team standings for 2023
2025-06-24 09:29:00,719 - INFO - Completed scrape for year 2023
2025-06-24 09:29:00,750 - INFO - Saved 52 hitting records to CSV
2025-06-24 09:29:00,759 - INFO - Saved 54 pitching records to CSV
2025-06-24 09:29:00,768 - INFO - Saved 12 team standings to CSV
2025-06-24 09:40:16,981 - INFO - Fetching page for year 1927
2025-06-24 09:40:21,027 - INFO - Scraped data for 1927
2025-06-24 09:40:21,028 - INFO - Fetching page for year 2000
2025-06-24 09:40:24,376 - INFO - Scraped data for 2000
2025-06-24 09:40:24,376 - INFO - Fetching page for year 2023
2025-06-24 09:42:24,471 - ERROR - Error fetching 2023: HTTPConnectionPool(host='localhost', port=52048): Read timed out. (read timeout=120)
2025-06-24 09:43:14,404 - INFO - Fetching page for year 1927
2025-06-24 09:43:18,858 - INFO - Scraped data for 1927
2025-06-24 09:43:18,859 - INFO - Fetching page for year 2000
2025-06-24 09:43:22,300 - INFO - Scraped data for 2000
2025-06-24 09:43:22,330 - INFO - Fetching page for year 2023
2025-06-24 09:44:33,733 - INFO - Scraped data for 2023
2025-06-24 09:45:07,666 - INFO - Fetching page for year 1927
2025-06-24 09:45:11,444 - INFO - Scraped data for 1927
2025-06-24 09:45:11,445 - INFO - Fetching page for year 2000
2025-06-24 09:45:15,723 - INFO - Scraped data for 2000
2025-06-24 09:45:15,723 - INFO - Fetching page for year 2024
2025-06-24 09:47:15,924 - ERROR - Error fetching 2024: HTTPConnectionPool(host='localhost', port=54060): Read timed out. (read timeout=120)
2025-06-24 10:04:36,651 - INFO - Fetching page for year 1927
2025-06-24 10:04:40,734 - INFO - Parsed all data for 1927
2025-06-24 10:04:40,755 - INFO - Fetching page for year 1947
2025-06-24 10:06:40,811 - ERROR - Error fetching year 1947: HTTPConnectionPool(host='localhost', port=58266): Read timed out. (read timeout=120)
2025-06-24 10:06:40,817 - INFO - Fetching page for year 1961
2025-06-24 10:08:40,875 - ERROR - Error fetching year 1961: HTTPConnectionPool(host='localhost', port=58266): Read timed out. (read timeout=120)
2025-06-24 10:08:40,877 - INFO - Fetching page for year 1969
2025-06-24 10:10:40,901 - ERROR - Error fetching year 1969: HTTPConnectionPool(host='localhost', port=58266): Read timed out. (read timeout=120)
2025-06-24 10:10:40,902 - INFO - Fetching page for year 1994
2025-06-24 10:12:40,957 - ERROR - Error fetching year 1994: HTTPConnectionPool(host='localhost', port=58266): Read timed out. (read timeout=120)
2025-06-24 10:12:40,958 - INFO - Fetching page for year 1998
2025-06-24 10:14:28,898 - INFO - Starting scraping for 10 years: [1927, 1947, 1961, 1969, 1994, 1998, 2001, 2016, 2020, 2023]
2025-06-24 10:14:28,899 - INFO - Processing year 1927 (1/10)
2025-06-24 10:14:28,901 - INFO - Fetching page for year 1927 via requests
2025-06-24 10:14:33,713 - INFO - Found 5 tables for year 1927
2025-06-24 10:14:33,718 - INFO - Parsing hitting table with 16 rows for year 1927
2025-06-24 10:14:33,722 - INFO - Parsing pitching table with 14 rows for year 1927
2025-06-24 10:14:33,726 - INFO - Parsing hitting table with 14 rows for year 1927
2025-06-24 10:14:33,729 - INFO - Parsing hitting table with 12 rows for year 1927
2025-06-24 10:14:33,733 - INFO - Found 8 notable events for year 1927
2025-06-24 10:14:33,734 - INFO - Successfully parsed all data for 1927
2025-06-24 10:14:41,735 - INFO - Processing year 1947 (2/10)
2025-06-24 10:14:41,735 - INFO - Fetching page for year 1947 via requests
2025-06-24 10:14:46,260 - INFO - Found 5 tables for year 1947
2025-06-24 10:14:46,261 - INFO - Parsing hitting table with 15 rows for year 1947
2025-06-24 10:14:46,265 - INFO - Parsing pitching table with 12 rows for year 1947
2025-06-24 10:14:46,268 - INFO - Parsing pitching table with 10 rows for year 1947
2025-06-24 10:14:46,271 - INFO - Parsing hitting table with 13 rows for year 1947
2025-06-24 10:14:46,274 - INFO - Parsing hitting table with 12 rows for year 1947
2025-06-24 10:14:46,278 - INFO - Found 3 notable events for year 1947
2025-06-24 10:14:46,279 - INFO - Successfully parsed all data for 1947
2025-06-24 10:14:54,280 - INFO - Processing year 1961 (3/10)
2025-06-24 10:14:54,281 - INFO - Fetching page for year 1961 via requests
2025-06-24 10:14:58,805 - INFO - Found 5 tables for year 1961
2025-06-24 10:14:58,806 - INFO - Parsing hitting table with 17 rows for year 1961
2025-06-24 10:14:58,810 - INFO - Parsing pitching table with 13 rows for year 1961
2025-06-24 10:14:58,812 - INFO - Parsing pitching table with 14 rows for year 1961
2025-06-24 10:14:58,815 - INFO - Parsing hitting table with 13 rows for year 1961
2025-06-24 10:14:58,817 - INFO - Parsing hitting table with 11 rows for year 1961
2025-06-24 10:14:58,821 - INFO - Found 5 notable events for year 1961
2025-06-24 10:14:58,821 - INFO - Successfully parsed all data for 1961
2025-06-24 10:15:06,823 - INFO - Processing year 1969 (4/10)
2025-06-24 10:15:06,823 - INFO - Fetching page for year 1969 via requests
2025-06-24 10:15:11,398 - INFO - Found 5 tables for year 1969
2025-06-24 10:15:11,400 - INFO - Parsing hitting table with 16 rows for year 1969
2025-06-24 10:15:11,403 - INFO - Parsing pitching table with 12 rows for year 1969
2025-06-24 10:15:11,405 - INFO - Parsing pitching table with 17 rows for year 1969
2025-06-24 10:15:11,410 - INFO - Parsing hitting table with 12 rows for year 1969
2025-06-24 10:15:11,412 - INFO - Parsing hitting table with 11 rows for year 1969
2025-06-24 10:15:11,416 - INFO - Found 9 notable events for year 1969
2025-06-24 10:15:11,417 - INFO - Successfully parsed all data for 1969
2025-06-24 10:15:19,417 - INFO - Processing year 1994 (5/10)
2025-06-24 10:15:19,418 - INFO - Fetching page for year 1994 via requests
2025-06-24 10:15:23,976 - INFO - Found 5 tables for year 1994
2025-06-24 10:15:23,977 - INFO - Parsing hitting table with 15 rows for year 1994
2025-06-24 10:15:23,980 - INFO - Parsing pitching table with 11 rows for year 1994
2025-06-24 10:15:23,983 - INFO - Parsing pitching table with 19 rows for year 1994
2025-06-24 10:15:23,987 - INFO - Parsing hitting table with 13 rows for year 1994
2025-06-24 10:15:23,989 - INFO - Parsing hitting table with 12 rows for year 1994
2025-06-24 10:15:23,993 - INFO - Found 8 notable events for year 1994
2025-06-24 10:15:23,993 - INFO - Successfully parsed all data for 1994
2025-06-24 10:15:31,994 - INFO - Processing year 1998 (6/10)
2025-06-24 10:15:31,995 - INFO - Fetching page for year 1998 via requests
2025-06-24 10:15:36,504 - INFO - Found 5 tables for year 1998
2025-06-24 10:15:36,505 - INFO - Parsing hitting table with 15 rows for year 1998
2025-06-24 10:15:36,509 - INFO - Parsing pitching table with 13 rows for year 1998
2025-06-24 10:15:36,512 - INFO - Parsing pitching table with 19 rows for year 1998
2025-06-24 10:15:36,517 - INFO - Parsing hitting table with 12 rows for year 1998
2025-06-24 10:15:36,520 - INFO - Parsing hitting table with 11 rows for year 1998
2025-06-24 10:15:36,525 - INFO - Found 0 notable events for year 1998
2025-06-24 10:15:36,526 - INFO - Successfully parsed all data for 1998
2025-06-24 10:15:44,526 - INFO - Processing year 2001 (7/10)
2025-06-24 10:15:44,527 - INFO - Fetching page for year 2001 via requests
2025-06-24 10:15:49,040 - INFO - Found 5 tables for year 2001
2025-06-24 10:15:49,041 - INFO - Parsing hitting table with 15 rows for year 2001
2025-06-24 10:15:49,045 - INFO - Parsing pitching table with 11 rows for year 2001
2025-06-24 10:15:49,049 - INFO - Parsing pitching table with 19 rows for year 2001
2025-06-24 10:15:49,054 - INFO - Parsing hitting table with 12 rows for year 2001
2025-06-24 10:15:49,057 - INFO - Parsing hitting table with 11 rows for year 2001
2025-06-24 10:15:49,063 - INFO - Found 9 notable events for year 2001
2025-06-24 10:15:49,064 - INFO - Successfully parsed all data for 2001
2025-06-24 10:15:57,065 - INFO - Processing year 2016 (8/10)
2025-06-24 10:15:57,065 - INFO - Fetching page for year 2016 via requests
2025-06-24 10:16:01,568 - INFO - Found 3 tables for year 2016
2025-06-24 10:16:01,569 - INFO - Parsing hitting table with 16 rows for year 2016
2025-06-24 10:16:01,572 - INFO - Parsing pitching table with 11 rows for year 2016
2025-06-24 10:16:01,575 - INFO - Parsing hitting table with 21 rows for year 2016
2025-06-24 10:16:01,581 - INFO - Found 7 notable events for year 2016
2025-06-24 10:16:01,582 - INFO - Successfully parsed all data for 2016
2025-06-24 10:16:09,582 - INFO - Processing year 2020 (9/10)
2025-06-24 10:16:09,583 - INFO - Fetching page for year 2020 via requests
2025-06-24 10:16:14,125 - INFO - Found 3 tables for year 2020
2025-06-24 10:16:14,127 - INFO - Parsing hitting table with 17 rows for year 2020
2025-06-24 10:16:14,131 - INFO - Parsing pitching table with 16 rows for year 2020
2025-06-24 10:16:14,137 - INFO - Parsing pitching table with 21 rows for year 2020
2025-06-24 10:16:14,144 - INFO - Found 8 notable events for year 2020
2025-06-24 10:16:14,145 - INFO - Successfully parsed all data for 2020
2025-06-24 10:16:22,146 - INFO - Processing year 2023 (10/10)
2025-06-24 10:16:22,147 - INFO - Fetching page for year 2023 via requests
2025-06-24 10:16:26,627 - INFO - Found 3 tables for year 2023
2025-06-24 10:16:26,628 - INFO - Parsing hitting table with 16 rows for year 2023
2025-06-24 10:16:26,632 - INFO - Parsing pitching table with 14 rows for year 2023
2025-06-24 10:16:26,634 - INFO - Parsing pitching table with 21 rows for year 2023
2025-06-24 10:16:26,640 - INFO - Found 5 notable events for year 2023
2025-06-24 10:16:26,641 - INFO - Successfully parsed all data for 2023
2025-06-24 10:16:26,679 - INFO - Saved 229 hitting records
2025-06-24 10:16:26,691 - INFO - Saved 168 pitching records
2025-06-24 10:16:26,701 - INFO - Saved 62 event records
2025-06-24 10:16:26,701 - INFO - Scraping completed successfully!
2025-06-24 10:32:14,187 - INFO - Starting scraping for 10 years: [1927, 1947, 1961, 1969, 1994, 1998, 2001, 2016, 2020, 2023]
2025-06-24 10:32:14,189 - INFO - Processing year 1927 (1/10)
2025-06-24 10:32:14,189 - INFO - Fetching page for year 1927 via requests
2025-06-24 10:32:18,789 - INFO - Found 5 tables for year 1927
2025-06-24 10:32:18,791 - INFO - Parsing hitting table with 16 rows for year 1927
2025-06-24 10:32:18,795 - INFO - Parsing pitching table with 14 rows for year 1927
2025-06-24 10:32:18,799 - INFO - Parsing hitting table with 14 rows for year 1927
2025-06-24 10:32:18,801 - INFO - Parsing hitting table with 12 rows for year 1927
2025-06-24 10:32:18,805 - INFO - Found 8 notable events for year 1927
2025-06-24 10:32:18,806 - INFO - Successfully parsed all data for 1927
2025-06-24 10:32:26,807 - INFO - Processing year 1947 (2/10)
2025-06-24 10:32:26,807 - INFO - Fetching page for year 1947 via requests
2025-06-24 10:32:31,316 - INFO - Found 5 tables for year 1947
2025-06-24 10:32:31,317 - INFO - Parsing hitting table with 15 rows for year 1947
2025-06-24 10:32:31,321 - INFO - Parsing pitching table with 12 rows for year 1947
2025-06-24 10:32:31,324 - INFO - Parsing pitching table with 10 rows for year 1947
2025-06-24 10:32:31,327 - INFO - Parsing hitting table with 13 rows for year 1947
2025-06-24 10:32:31,330 - INFO - Parsing hitting table with 12 rows for year 1947
2025-06-24 10:32:31,333 - INFO - Found 3 notable events for year 1947
2025-06-24 10:32:31,334 - INFO - Successfully parsed all data for 1947
2025-06-24 10:32:39,335 - INFO - Processing year 1961 (3/10)
2025-06-24 10:32:39,335 - INFO - Fetching page for year 1961 via requests
2025-06-24 10:32:43,939 - INFO - Found 5 tables for year 1961
2025-06-24 10:32:43,940 - INFO - Parsing hitting table with 17 rows for year 1961
2025-06-24 10:32:43,944 - INFO - Parsing pitching table with 13 rows for year 1961
2025-06-24 10:32:43,946 - INFO - Parsing pitching table with 14 rows for year 1961
2025-06-24 10:32:43,949 - INFO - Parsing hitting table with 13 rows for year 1961
2025-06-24 10:32:43,952 - INFO - Parsing hitting table with 11 rows for year 1961
2025-06-24 10:32:43,957 - INFO - Found 5 notable events for year 1961
2025-06-24 10:32:43,958 - INFO - Successfully parsed all data for 1961
2025-06-24 10:32:51,959 - INFO - Processing year 1969 (4/10)
2025-06-24 10:32:51,960 - INFO - Fetching page for year 1969 via requests
2025-06-24 10:32:56,497 - INFO - Found 5 tables for year 1969
2025-06-24 10:32:56,499 - INFO - Parsing hitting table with 16 rows for year 1969
2025-06-24 10:32:56,502 - INFO - Parsing pitching table with 12 rows for year 1969
2025-06-24 10:32:56,505 - INFO - Parsing pitching table with 17 rows for year 1969
2025-06-24 10:32:56,508 - INFO - Parsing hitting table with 12 rows for year 1969
2025-06-24 10:32:56,510 - INFO - Parsing hitting table with 11 rows for year 1969
2025-06-24 10:32:56,514 - INFO - Found 9 notable events for year 1969
2025-06-24 10:32:56,514 - INFO - Successfully parsed all data for 1969
2025-06-24 10:33:04,515 - INFO - Processing year 1994 (5/10)
2025-06-24 10:33:04,516 - INFO - Fetching page for year 1994 via requests
2025-06-24 10:33:09,033 - INFO - Found 5 tables for year 1994
2025-06-24 10:33:09,034 - INFO - Parsing hitting table with 15 rows for year 1994
2025-06-24 10:33:09,037 - INFO - Parsing pitching table with 11 rows for year 1994
2025-06-24 10:33:09,041 - INFO - Parsing pitching table with 19 rows for year 1994
2025-06-24 10:33:09,045 - INFO - Parsing hitting table with 13 rows for year 1994
2025-06-24 10:33:09,048 - INFO - Parsing hitting table with 12 rows for year 1994
2025-06-24 10:33:09,052 - INFO - Found 8 notable events for year 1994
2025-06-24 10:33:09,052 - INFO - Successfully parsed all data for 1994
2025-06-24 10:33:17,053 - INFO - Processing year 1998 (6/10)
2025-06-24 10:33:17,053 - INFO - Fetching page for year 1998 via requests
2025-06-24 10:33:21,551 - INFO - Found 5 tables for year 1998
2025-06-24 10:33:21,552 - INFO - Parsing hitting table with 15 rows for year 1998
2025-06-24 10:33:21,555 - INFO - Parsing pitching table with 13 rows for year 1998
2025-06-24 10:33:21,558 - INFO - Parsing pitching table with 19 rows for year 1998
2025-06-24 10:33:21,562 - INFO - Parsing hitting table with 12 rows for year 1998
2025-06-24 10:33:21,564 - INFO - Parsing hitting table with 11 rows for year 1998
2025-06-24 10:33:21,569 - INFO - Found 0 notable events for year 1998
2025-06-24 10:33:21,569 - INFO - Successfully parsed all data for 1998
2025-06-24 10:33:29,570 - INFO - Processing year 2001 (7/10)
2025-06-24 10:33:29,571 - INFO - Fetching page for year 2001 via requests
2025-06-24 10:33:34,104 - INFO - Found 5 tables for year 2001
2025-06-24 10:33:34,105 - INFO - Parsing hitting table with 15 rows for year 2001
2025-06-24 10:33:34,108 - INFO - Parsing pitching table with 11 rows for year 2001
2025-06-24 10:33:34,111 - INFO - Parsing pitching table with 19 rows for year 2001
2025-06-24 10:33:34,115 - INFO - Parsing hitting table with 12 rows for year 2001
2025-06-24 10:33:34,117 - INFO - Parsing hitting table with 11 rows for year 2001
2025-06-24 10:33:34,121 - INFO - Found 9 notable events for year 2001
2025-06-24 10:33:34,122 - INFO - Successfully parsed all data for 2001
2025-06-24 10:33:42,123 - INFO - Processing year 2016 (8/10)
2025-06-24 10:33:42,123 - INFO - Fetching page for year 2016 via requests
2025-06-24 10:33:46,676 - INFO - Found 3 tables for year 2016
2025-06-24 10:33:46,678 - INFO - Parsing hitting table with 16 rows for year 2016
2025-06-24 10:33:46,682 - INFO - Parsing pitching table with 11 rows for year 2016
2025-06-24 10:33:46,687 - INFO - Parsing hitting table with 21 rows for year 2016
2025-06-24 10:33:46,695 - INFO - Found 7 notable events for year 2016
2025-06-24 10:33:46,695 - INFO - Successfully parsed all data for 2016
2025-06-24 10:33:54,696 - INFO - Processing year 2020 (9/10)
2025-06-24 10:33:54,696 - INFO - Fetching page for year 2020 via requests
2025-06-24 10:33:59,222 - INFO - Found 3 tables for year 2020
2025-06-24 10:33:59,224 - INFO - Parsing hitting table with 17 rows for year 2020
2025-06-24 10:33:59,227 - INFO - Parsing pitching table with 16 rows for year 2020
2025-06-24 10:33:59,231 - INFO - Parsing pitching table with 21 rows for year 2020
2025-06-24 10:33:59,242 - INFO - Found 8 notable events for year 2020
2025-06-24 10:33:59,243 - INFO - Successfully parsed all data for 2020
2025-06-24 10:34:07,244 - INFO - Processing year 2023 (10/10)
2025-06-24 10:34:07,245 - INFO - Fetching page for year 2023 via requests
2025-06-24 10:34:11,754 - INFO - Found 3 tables for year 2023
2025-06-24 10:34:11,755 - INFO - Parsing hitting table with 16 rows for year 2023
2025-06-24 10:34:11,758 - INFO - Parsing pitching table with 14 rows for year 2023
2025-06-24 10:34:11,762 - INFO - Parsing pitching table with 21 rows for year 2023
2025-06-24 10:34:11,768 - INFO - Found 5 notable events for year 2023
2025-06-24 10:34:11,768 - INFO - Successfully parsed all data for 2023
2025-06-24 10:34:11,799 - INFO - Saved 229 hitting records
2025-06-24 10:34:11,811 - INFO - Saved 168 pitching records
2025-06-24 10:34:11,818 - INFO - Saved 62 event records
2025-06-24 10:34:11,818 - INFO - Scraping completed successfully!
2025-06-24 10:39:15,307 - INFO - Starting scraping for 10 years: [1927, 1947, 1961, 1969, 1994, 1998, 2001, 2016, 2020, 2023]
2025-06-24 10:39:15,309 - INFO - Processing year 1927 (1/10)
2025-06-24 10:39:15,310 - INFO - Fetching page for year 1927 via requests
2025-06-24 10:39:19,894 - INFO - Found 5 tables for year 1927
2025-06-24 10:39:19,905 - INFO - Parsing hitting table with 16 rows for year 1927
2025-06-24 10:39:19,909 - INFO - Parsing pitching table with 14 rows for year 1927
2025-06-24 10:39:19,913 - INFO - Parsing hitting table with 14 rows for year 1927
2025-06-24 10:39:19,916 - INFO - Parsing hitting table with 12 rows for year 1927
2025-06-24 10:39:19,922 - INFO - Found 8 notable events for year 1927
2025-06-24 10:39:19,923 - INFO - Successfully parsed all data for 1927
2025-06-24 10:39:27,923 - INFO - Processing year 1947 (2/10)
2025-06-24 10:39:27,924 - INFO - Fetching page for year 1947 via requests
2025-06-24 10:39:32,566 - INFO - Found 5 tables for year 1947
2025-06-24 10:39:32,567 - INFO - Parsing hitting table with 15 rows for year 1947
2025-06-24 10:39:32,571 - INFO - Parsing pitching table with 12 rows for year 1947
2025-06-24 10:39:32,573 - INFO - Parsing pitching table with 10 rows for year 1947
2025-06-24 10:39:32,576 - INFO - Parsing hitting table with 13 rows for year 1947
2025-06-24 10:39:32,579 - INFO - Parsing hitting table with 12 rows for year 1947
2025-06-24 10:39:32,584 - INFO - Found 3 notable events for year 1947
2025-06-24 10:39:32,584 - INFO - Successfully parsed all data for 1947
2025-06-24 10:39:40,585 - INFO - Processing year 1961 (3/10)
2025-06-24 10:39:40,586 - INFO - Fetching page for year 1961 via requests
2025-06-24 10:39:45,111 - INFO - Found 5 tables for year 1961
2025-06-24 10:39:45,112 - INFO - Parsing hitting table with 17 rows for year 1961
2025-06-24 10:39:45,116 - INFO - Parsing pitching table with 13 rows for year 1961
2025-06-24 10:39:45,120 - INFO - Parsing pitching table with 14 rows for year 1961
2025-06-24 10:39:45,123 - INFO - Parsing hitting table with 13 rows for year 1961
2025-06-24 10:39:45,127 - INFO - Parsing hitting table with 11 rows for year 1961
2025-06-24 10:39:45,131 - INFO - Found 5 notable events for year 1961
2025-06-24 10:39:45,132 - INFO - Successfully parsed all data for 1961
2025-06-24 10:39:53,133 - INFO - Processing year 1969 (4/10)
2025-06-24 10:39:53,134 - INFO - Fetching page for year 1969 via requests
2025-06-24 10:39:57,618 - INFO - Found 5 tables for year 1969
2025-06-24 10:39:57,619 - INFO - Parsing hitting table with 16 rows for year 1969
2025-06-24 10:39:57,622 - INFO - Parsing pitching table with 12 rows for year 1969
2025-06-24 10:39:57,625 - INFO - Parsing pitching table with 17 rows for year 1969
2025-06-24 10:39:57,634 - INFO - Parsing hitting table with 12 rows for year 1969
2025-06-24 10:39:57,636 - INFO - Parsing hitting table with 11 rows for year 1969
2025-06-24 10:39:57,640 - INFO - Found 9 notable events for year 1969
2025-06-24 10:39:57,641 - INFO - Successfully parsed all data for 1969
2025-06-24 10:40:05,646 - INFO - Processing year 1994 (5/10)
2025-06-24 10:40:05,649 - INFO - Fetching page for year 1994 via requests
2025-06-24 10:40:10,279 - INFO - Found 5 tables for year 1994
2025-06-24 10:40:10,280 - INFO - Parsing hitting table with 15 rows for year 1994
2025-06-24 10:40:10,284 - INFO - Parsing pitching table with 11 rows for year 1994
2025-06-24 10:40:10,287 - INFO - Parsing pitching table with 19 rows for year 1994
2025-06-24 10:40:10,291 - INFO - Parsing hitting table with 13 rows for year 1994
2025-06-24 10:40:10,294 - INFO - Parsing hitting table with 12 rows for year 1994
2025-06-24 10:40:10,299 - INFO - Found 8 notable events for year 1994
2025-06-24 10:40:10,300 - INFO - Successfully parsed all data for 1994
2025-06-24 10:40:18,301 - INFO - Processing year 1998 (6/10)
2025-06-24 10:40:18,301 - INFO - Fetching page for year 1998 via requests
2025-06-24 10:40:22,828 - INFO - Found 5 tables for year 1998
2025-06-24 10:40:22,829 - INFO - Parsing hitting table with 15 rows for year 1998
2025-06-24 10:40:22,833 - INFO - Parsing pitching table with 13 rows for year 1998
2025-06-24 10:40:22,836 - INFO - Parsing pitching table with 19 rows for year 1998
2025-06-24 10:40:22,841 - INFO - Parsing hitting table with 12 rows for year 1998
2025-06-24 10:40:22,843 - INFO - Parsing hitting table with 11 rows for year 1998
2025-06-24 10:40:22,848 - INFO - Found 0 notable events for year 1998
2025-06-24 10:40:22,848 - INFO - Successfully parsed all data for 1998
2025-06-24 10:40:30,850 - INFO - Processing year 2001 (7/10)
2025-06-24 10:40:30,850 - INFO - Fetching page for year 2001 via requests
2025-06-24 10:40:35,444 - INFO - Found 5 tables for year 2001
2025-06-24 10:40:35,445 - INFO - Parsing hitting table with 15 rows for year 2001
2025-06-24 10:40:35,450 - INFO - Parsing pitching table with 11 rows for year 2001
2025-06-24 10:40:35,452 - INFO - Parsing pitching table with 19 rows for year 2001
2025-06-24 10:40:35,456 - INFO - Parsing hitting table with 12 rows for year 2001
2025-06-24 10:40:35,458 - INFO - Parsing hitting table with 11 rows for year 2001
2025-06-24 10:40:35,463 - INFO - Found 9 notable events for year 2001
2025-06-24 10:40:35,464 - INFO - Successfully parsed all data for 2001
2025-06-24 10:40:43,464 - INFO - Processing year 2016 (8/10)
2025-06-24 10:40:43,465 - INFO - Fetching page for year 2016 via requests
2025-06-24 10:40:50,209 - INFO - Found 3 tables for year 2016
2025-06-24 10:40:50,210 - INFO - Parsing hitting table with 16 rows for year 2016
2025-06-24 10:40:50,213 - INFO - Parsing pitching table with 11 rows for year 2016
2025-06-24 10:40:50,216 - INFO - Parsing hitting table with 21 rows for year 2016
2025-06-24 10:40:50,222 - INFO - Found 7 notable events for year 2016
2025-06-24 10:40:50,223 - INFO - Successfully parsed all data for 2016
2025-06-24 10:40:58,224 - INFO - Processing year 2020 (9/10)
2025-06-24 10:40:58,224 - INFO - Fetching page for year 2020 via requests
2025-06-24 10:41:02,783 - INFO - Found 3 tables for year 2020
2025-06-24 10:41:02,784 - INFO - Parsing hitting table with 17 rows for year 2020
2025-06-24 10:41:02,788 - INFO - Parsing pitching table with 16 rows for year 2020
2025-06-24 10:41:02,791 - INFO - Parsing pitching table with 21 rows for year 2020
2025-06-24 10:41:02,797 - INFO - Found 8 notable events for year 2020
2025-06-24 10:41:02,797 - INFO - Successfully parsed all data for 2020
2025-06-24 10:41:10,798 - INFO - Processing year 2023 (10/10)
2025-06-24 10:41:10,799 - INFO - Fetching page for year 2023 via requests
2025-06-24 10:41:15,285 - INFO - Found 3 tables for year 2023
2025-06-24 10:41:15,287 - INFO - Parsing hitting table with 16 rows for year 2023
2025-06-24 10:41:15,292 - INFO - Parsing pitching table with 14 rows for year 2023
2025-06-24 10:41:15,297 - INFO - Parsing pitching table with 21 rows for year 2023
2025-06-24 10:41:15,304 - INFO - Found 5 notable events for year 2023
2025-06-24 10:41:15,304 - INFO - Successfully parsed all data for 2023
2025-06-24 10:41:15,341 - INFO - Saved 229 hitting records
2025-06-24 10:41:15,412 - INFO - Saved 168 pitching records
2025-06-24 10:41:15,458 - INFO - Saved 62 event records
2025-06-24 10:41:15,463 - INFO - Scraping completed successfully!
2025-06-24 11:15:03,162 - INFO - Chrome driver initialized successfully
2025-06-24 11:15:03,164 - INFO - Starting scraping for 10 years: [1927, 1947, 1961, 1969, 1994, 1998, 2001, 2016, 2020, 2023]
2025-06-24 11:15:03,164 - INFO - Processing year 1927 (1/10)
2025-06-24 11:15:03,164 - INFO - Fetching page for year 1927 via requests
2025-06-24 11:15:07,886 - INFO - Found 5 tables for year 1927
2025-06-24 11:15:07,891 - INFO - Found 8 notable events for year 1927
2025-06-24 11:15:07,892 - INFO - Successfully parsed all data for 1927
2025-06-24 11:15:15,892 - INFO - Processing year 1947 (2/10)
2025-06-24 11:15:15,893 - INFO - Fetching page for year 1947 via requests
2025-06-24 11:15:23,494 - INFO - Found 5 tables for year 1947
2025-06-24 11:15:23,498 - INFO - Found 3 notable events for year 1947
2025-06-24 11:15:23,498 - INFO - Successfully parsed all data for 1947
2025-06-24 11:15:31,499 - INFO - Processing year 1961 (3/10)
2025-06-24 11:15:31,500 - INFO - Fetching page for year 1961 via requests
2025-06-24 11:15:36,062 - INFO - Found 5 tables for year 1961
2025-06-24 11:15:36,066 - INFO - Found 5 notable events for year 1961
2025-06-24 11:15:36,067 - INFO - Successfully parsed all data for 1961
2025-06-24 11:15:44,068 - INFO - Processing year 1969 (4/10)
2025-06-24 11:15:44,069 - INFO - Fetching page for year 1969 via requests
2025-06-24 11:15:48,633 - INFO - Found 5 tables for year 1969
2025-06-24 11:15:48,637 - INFO - Found 9 notable events for year 1969
2025-06-24 11:15:48,638 - INFO - Successfully parsed all data for 1969
2025-06-24 11:15:56,639 - INFO - Processing year 1994 (5/10)
2025-06-24 11:15:56,639 - INFO - Fetching page for year 1994 via requests
2025-06-24 11:16:01,132 - INFO - Found 5 tables for year 1994
2025-06-24 11:16:01,135 - INFO - Found 8 notable events for year 1994
2025-06-24 11:16:01,136 - INFO - Successfully parsed all data for 1994
2025-06-24 11:16:09,136 - INFO - Processing year 1998 (6/10)
2025-06-24 11:16:09,137 - INFO - Fetching page for year 1998 via requests
2025-06-24 11:16:13,694 - INFO - Found 5 tables for year 1998
2025-06-24 11:16:13,698 - INFO - Found 0 notable events for year 1998
2025-06-24 11:16:13,698 - INFO - Successfully parsed all data for 1998
2025-06-24 11:16:21,699 - INFO - Processing year 2001 (7/10)
2025-06-24 11:16:21,700 - INFO - Fetching page for year 2001 via requests
2025-06-24 11:16:26,234 - INFO - Found 5 tables for year 2001
2025-06-24 11:16:26,237 - INFO - Found 9 notable events for year 2001
2025-06-24 11:16:26,238 - INFO - Successfully parsed all data for 2001
2025-06-24 11:16:34,239 - INFO - Processing year 2016 (8/10)
2025-06-24 11:16:34,240 - INFO - Fetching page for year 2016 via requests
2025-06-24 11:16:38,734 - INFO - Found 3 tables for year 2016
2025-06-24 11:16:38,737 - INFO - Found 7 notable events for year 2016
2025-06-24 11:16:38,738 - INFO - Successfully parsed all data for 2016
2025-06-24 11:16:46,738 - INFO - Processing year 2020 (9/10)
2025-06-24 11:16:46,739 - INFO - Fetching page for year 2020 via requests
2025-06-24 11:16:51,250 - INFO - Found 3 tables for year 2020
2025-06-24 11:16:51,254 - INFO - Found 8 notable events for year 2020
2025-06-24 11:16:51,254 - INFO - Successfully parsed all data for 2020
2025-06-24 11:16:59,255 - INFO - Processing year 2023 (10/10)
2025-06-24 11:16:59,256 - INFO - Fetching page for year 2023 via requests
2025-06-24 11:17:03,755 - INFO - Found 3 tables for year 2023
2025-06-24 11:17:03,758 - INFO - Found 5 notable events for year 2023
2025-06-24 11:17:03,764 - INFO - Successfully parsed all data for 2023
2025-06-24 11:17:03,766 - WARNING - No standings data found - check table detection logic
2025-06-24 11:17:03,796 - INFO - Saved 62 event records
2025-06-24 11:17:03,797 - INFO - Scraping completed successfully!
